<?xml version="1.0" encoding="UTF-8"?>
<!-- Generated by org.testng.reporters.JUnitXMLReporter -->
<testsuite hostname="DESKTOP-U4TDB48" ignored="0" name="Test-Runner-2" tests="4" failures="0" timestamp="2021-03-03T23:50:04 IST" time="0.117" errors="0">
  <testcase name="@BeforeClass configBeforeClassParallel" time="-1.61479560407E9" classname="com.genericlib.BaseClass">
    <failure type="org.testng.TestNGException" message="
Parameter &amp;apos;BROWSER&amp;apos; is required by BeforeClass on method configBeforeClassParallel but has not been marked @Optional or defined
in C:\Users\DELL User\eclipse-workspace\My PROJECT\testng_distributed_parallel.xml">
      <![CDATA[org.testng.TestNGException: 
Parameter 'BROWSER' is required by BeforeClass on method configBeforeClassParallel but has not been marked @Optional or defined
in C:\Users\DELL User\eclipse-workspace\My PROJECT\testng_distributed_parallel.xml
at java.util.ArrayList.forEach(Unknown Source)
at java.util.concurrent.FutureTask.run(Unknown Source)
at java.util.concurrent.ThreadPoolExecutor.runWorker(Unknown Source)
at java.util.concurrent.ThreadPoolExecutor$Worker.run(Unknown Source)
at java.lang.Thread.run(Unknown Source)
... Removed 13 stack frames]]>
    </failure>
  </testcase> <!-- @BeforeClass configBeforeClassParallel -->
  <testcase name="@BeforeMethod configBeforeMtd" time="-1.614795604101E9" classname="com.genericlib.BaseClass">
    <skipped/>
  </testcase> <!-- @BeforeMethod configBeforeMtd -->
  <testcase name="@AfterMethod configAfterMethod" time="-1.61479560412E9" classname="com.genericlib.BaseClass">
    <skipped/>
  </testcase> <!-- @AfterMethod configAfterMethod -->
  <testcase name="@BeforeMethod configBeforeMtd" time="-1.61479560413E9" classname="com.genericlib.BaseClass">
    <skipped/>
  </testcase> <!-- @BeforeMethod configBeforeMtd -->
  <testcase name="@AfterMethod configAfterMethod" time="-1.614795604159E9" classname="com.genericlib.BaseClass">
    <skipped/>
  </testcase> <!-- @AfterMethod configAfterMethod -->
  <testcase name="@AfterClass configAfterClass" time="-1.614795604167E9" classname="com.genericlib.BaseClass">
    <skipped/>
  </testcase> <!-- @AfterClass configAfterClass -->
  <testcase name="createpurchaseorder" time="0.0" classname="com.crm.vtiger.testscripts.Deliveredpurchaseorder">
    <skipped/>
  </testcase> <!-- createpurchaseorder -->
  <testcase name="createpurchaseorder" time="0.0" classname="com.crm.vtiger.testscripts.Cancelledpurchaseorder">
    <skipped/>
  </testcase> <!-- createpurchaseorder -->
  <testcase name="createpurchaseorderwithdeliveredstatus" time="0.0" classname="com.crm.vtiger.testscripts.Deliveredpurchaseorder">
    <skipped/>
  </testcase> <!-- createpurchaseorderwithdeliveredstatus -->
  <testcase name="createpurchaseorderwithcancelledstatus" time="0.0" classname="com.crm.vtiger.testscripts.Cancelledpurchaseorder">
    <skipped/>
  </testcase> <!-- createpurchaseorderwithcancelledstatus -->
</testsuite> <!-- Test-Runner-2 -->
