<html>
<head>
<title>TestNG:  Test-Runner-1</title>
<link href="../testng.css" rel="stylesheet" type="text/css" />
<link href="../my-testng.css" rel="stylesheet" type="text/css" />

<style type="text/css">
.log { display: none;} 
.stack-trace { display: none;} 
</style>
<script type="text/javascript">
<!--
function flip(e) {
  current = e.style.display;
  if (current == 'block') {
    e.style.display = 'none';
    return 0;
  }
  else {
    e.style.display = 'block';
    return 1;
  }
}

function toggleBox(szDivId, elem, msg1, msg2)
{
  var res = -1;  if (document.getElementById) {
    res = flip(document.getElementById(szDivId));
  }
  else if (document.all) {
    // this is the way old msie versions work
    res = flip(document.all[szDivId]);
  }
  if(elem) {
    if(res == 0) elem.innerHTML = msg1; else elem.innerHTML = msg2;
  }

}

function toggleAllBoxes() {
  if (document.getElementsByTagName) {
    d = document.getElementsByTagName('div');
    for (i = 0; i < d.length; i++) {
      if (d[i].className == 'log') {
        flip(d[i]);
      }
    }
  }
}

// -->
</script>

</head>
<body>
<h2 align='center'>Test-Runner-1</h2><table border='1' align="center">
<tr>
<td>Tests passed/Failed/Skipped:</td><td>0/0/2</td>
</tr><tr>
<td>Started on:</td><td>Wed Mar 03 23:52:34 IST 2021</td>
</tr>
<tr><td>Total time:</td><td>8 seconds (8250 ms)</td>
</tr><tr>
<td>Included groups:</td><td></td>
</tr><tr>
<td>Excluded groups:</td><td></td>
</tr>
</table><p/>
<small><i>(Hover the method name to see the test class name)</i></small><p/>
<table width='100%' border='1' class='invocation-failed'>
<tr><td colspan='4' align='center'><b>FAILED CONFIGURATIONS</b></td></tr>
<tr><td><b>Test method</b></td>
<td width="30%"><b>Exception</b></td>
<td width="10%"><b>Time (seconds)</b></td>
<td><b>Instance</b></td>
</tr>
<tr>
<td title='com.crm.vtiger.testscripts.Cancelledpurchaseorder.configBeforeClassParallel()'><b>configBeforeClassParallel</b><br>Test class: com.crm.vtiger.testscripts.Cancelledpurchaseorder</td>
<td><div><pre>org.testng.TestNGException: 
Parameter &apos;BROWSER&apos; is required by BeforeClass on method configBeforeClassParallel but has not been marked @Optional or defined
in C:\Users\DELL User\eclipse-workspace\My PROJECT\testng_distributed_parallel.xml
	at java.util.ArrayList.forEach(Unknown Source)
	at java.util.concurrent.FutureTask.run(Unknown Source)
	at java.util.concurrent.ThreadPoolExecutor.runWorker(Unknown Source)
	at java.util.concurrent.ThreadPoolExecutor$Worker.run(Unknown Source)
	at java.lang.Thread.run(Unknown Source)
... Removed 13 stack frames</pre></div><a href='#' onClick='toggleBox("stack-trace240546206", this, "Click to show all stack frames", "Click to hide stack frames")'>Click to show all stack frames</a>
<div class='stack-trace' id='stack-trace240546206'><pre>org.testng.TestNGException: 
Parameter &apos;BROWSER&apos; is required by BeforeClass on method configBeforeClassParallel but has not been marked @Optional or defined
in C:\Users\DELL User\eclipse-workspace\My PROJECT\testng_distributed_parallel.xml
	at org.testng.internal.Parameters.createParams(Parameters.java:289)
	at org.testng.internal.Parameters.createParametersForMethod(Parameters.java:377)
	at org.testng.internal.Parameters.createParameters(Parameters.java:721)
	at org.testng.internal.Parameters.createConfigurationParameters(Parameters.java:164)
	at org.testng.internal.ConfigInvoker.invokeConfigurations(ConfigInvoker.java:275)
	at org.testng.internal.TestMethodWorker.invokeBeforeClassMethods(TestMethodWorker.java:176)
	at org.testng.internal.TestMethodWorker.run(TestMethodWorker.java:122)
	at java.util.ArrayList.forEach(Unknown Source)
	at org.testng.TestRunner.privateRun(TestRunner.java:770)
	at org.testng.TestRunner.run(TestRunner.java:591)
	at org.testng.SuiteRunner.runTest(SuiteRunner.java:402)
	at org.testng.SuiteRunner.access$000(SuiteRunner.java:41)
	at org.testng.SuiteRunner$SuiteWorker.run(SuiteRunner.java:443)
	at org.testng.internal.thread.ThreadUtil.lambda$execute$0(ThreadUtil.java:67)
	at java.util.concurrent.FutureTask.run(Unknown Source)
	at java.util.concurrent.ThreadPoolExecutor.runWorker(Unknown Source)
	at java.util.concurrent.ThreadPoolExecutor$Worker.run(Unknown Source)
	at java.lang.Thread.run(Unknown Source)
</pre></div></td>
<td>-1614795761</td>
<td>com.crm.vtiger.testscripts.Cancelledpurchaseorder@536aaa8d</td></tr>
</table><p>
<table width='100%' border='1' class='invocation-skipped'>
<tr><td colspan='4' align='center'><b>SKIPPED CONFIGURATIONS</b></td></tr>
<tr><td><b>Test method</b></td>
<td width="30%"><b>Exception</b></td>
<td width="10%"><b>Time (seconds)</b></td>
<td><b>Instance</b></td>
</tr>
<tr>
<td title='com.crm.vtiger.testscripts.Cancelledpurchaseorder.configBeforeMtd()'><b>configBeforeMtd</b><br>Test class: com.crm.vtiger.testscripts.Cancelledpurchaseorder</td>
<td></td>
<td>-1614795761</td>
<td>com.crm.vtiger.testscripts.Cancelledpurchaseorder@536aaa8d</td></tr>
<tr>
<td title='com.crm.vtiger.testscripts.Cancelledpurchaseorder.configBeforeMtd()'><b>configBeforeMtd</b><br>Test class: com.crm.vtiger.testscripts.Cancelledpurchaseorder</td>
<td></td>
<td>-1614795761</td>
<td>com.crm.vtiger.testscripts.Cancelledpurchaseorder@536aaa8d</td></tr>
<tr>
<td title='com.crm.vtiger.testscripts.Cancelledpurchaseorder.configAfterMethod()'><b>configAfterMethod</b><br>Test class: com.crm.vtiger.testscripts.Cancelledpurchaseorder</td>
<td></td>
<td>-1614795761</td>
<td>com.crm.vtiger.testscripts.Cancelledpurchaseorder@536aaa8d</td></tr>
<tr>
<td title='com.crm.vtiger.testscripts.Cancelledpurchaseorder.configAfterMethod()'><b>configAfterMethod</b><br>Test class: com.crm.vtiger.testscripts.Cancelledpurchaseorder</td>
<td></td>
<td>-1614795761</td>
<td>com.crm.vtiger.testscripts.Cancelledpurchaseorder@536aaa8d</td></tr>
<tr>
<td title='com.crm.vtiger.testscripts.Cancelledpurchaseorder.configAfterClass()'><b>configAfterClass</b><br>Test class: com.crm.vtiger.testscripts.Cancelledpurchaseorder</td>
<td></td>
<td>-1614795761</td>
<td>com.crm.vtiger.testscripts.Cancelledpurchaseorder@536aaa8d</td></tr>
</table><p>
<table width='100%' border='1' class='invocation-skipped'>
<tr><td colspan='4' align='center'><b>SKIPPED TESTS</b></td></tr>
<tr><td><b>Test method</b></td>
<td width="30%"><b>Exception</b></td>
<td width="10%"><b>Time (seconds)</b></td>
<td><b>Instance</b></td>
</tr>
<tr>
<td title='com.crm.vtiger.testscripts.Cancelledpurchaseorder.createpurchaseorder()'><b>createpurchaseorder</b><br>Test class: com.crm.vtiger.testscripts.Cancelledpurchaseorder</td>
<td><div><pre>org.testng.TestNGException: 
Parameter &apos;BROWSER&apos; is required by BeforeClass on method configBeforeClassParallel but has not been marked @Optional or defined
in C:\Users\DELL User\eclipse-workspace\My PROJECT\testng_distributed_parallel.xml
	at java.util.ArrayList.forEach(Unknown Source)
	at java.util.concurrent.FutureTask.run(Unknown Source)
	at java.util.concurrent.ThreadPoolExecutor.runWorker(Unknown Source)
	at java.util.concurrent.ThreadPoolExecutor$Worker.run(Unknown Source)
	at java.lang.Thread.run(Unknown Source)
... Removed 13 stack frames</pre></div><a href='#' onClick='toggleBox("stack-trace1585291158", this, "Click to show all stack frames", "Click to hide stack frames")'>Click to show all stack frames</a>
<div class='stack-trace' id='stack-trace1585291158'><pre>org.testng.TestNGException: 
Parameter &apos;BROWSER&apos; is required by BeforeClass on method configBeforeClassParallel but has not been marked @Optional or defined
in C:\Users\DELL User\eclipse-workspace\My PROJECT\testng_distributed_parallel.xml
	at org.testng.internal.Parameters.createParams(Parameters.java:289)
	at org.testng.internal.Parameters.createParametersForMethod(Parameters.java:377)
	at org.testng.internal.Parameters.createParameters(Parameters.java:721)
	at org.testng.internal.Parameters.createConfigurationParameters(Parameters.java:164)
	at org.testng.internal.ConfigInvoker.invokeConfigurations(ConfigInvoker.java:275)
	at org.testng.internal.TestMethodWorker.invokeBeforeClassMethods(TestMethodWorker.java:176)
	at org.testng.internal.TestMethodWorker.run(TestMethodWorker.java:122)
	at java.util.ArrayList.forEach(Unknown Source)
	at org.testng.TestRunner.privateRun(TestRunner.java:770)
	at org.testng.TestRunner.run(TestRunner.java:591)
	at org.testng.SuiteRunner.runTest(SuiteRunner.java:402)
	at org.testng.SuiteRunner.access$000(SuiteRunner.java:41)
	at org.testng.SuiteRunner$SuiteWorker.run(SuiteRunner.java:443)
	at org.testng.internal.thread.ThreadUtil.lambda$execute$0(ThreadUtil.java:67)
	at java.util.concurrent.FutureTask.run(Unknown Source)
	at java.util.concurrent.ThreadPoolExecutor.runWorker(Unknown Source)
	at java.util.concurrent.ThreadPoolExecutor$Worker.run(Unknown Source)
	at java.lang.Thread.run(Unknown Source)
</pre></div></td>
<td>0</td>
<td>com.crm.vtiger.testscripts.Cancelledpurchaseorder@536aaa8d</td></tr>
<tr>
<td title='com.crm.vtiger.testscripts.Deliveredpurchaseorder.createpurchaseorder()'><b>createpurchaseorder</b><br>Test class: com.crm.vtiger.testscripts.Deliveredpurchaseorder</td>
<td><div><pre>org.testng.TestNGException: 
Parameter &apos;BROWSER&apos; is required by BeforeClass on method configBeforeClassParallel but has not been marked @Optional or defined
in C:\Users\DELL User\eclipse-workspace\My PROJECT\testng_distributed_parallel.xml
	at java.util.ArrayList.forEach(Unknown Source)
	at java.util.concurrent.FutureTask.run(Unknown Source)
	at java.util.concurrent.ThreadPoolExecutor.runWorker(Unknown Source)
	at java.util.concurrent.ThreadPoolExecutor$Worker.run(Unknown Source)
	at java.lang.Thread.run(Unknown Source)
... Removed 13 stack frames</pre></div><a href='#' onClick='toggleBox("stack-trace219149273", this, "Click to show all stack frames", "Click to hide stack frames")'>Click to show all stack frames</a>
<div class='stack-trace' id='stack-trace219149273'><pre>org.testng.TestNGException: 
Parameter &apos;BROWSER&apos; is required by BeforeClass on method configBeforeClassParallel but has not been marked @Optional or defined
in C:\Users\DELL User\eclipse-workspace\My PROJECT\testng_distributed_parallel.xml
	at org.testng.internal.Parameters.createParams(Parameters.java:289)
	at org.testng.internal.Parameters.createParametersForMethod(Parameters.java:377)
	at org.testng.internal.Parameters.createParameters(Parameters.java:721)
	at org.testng.internal.Parameters.createConfigurationParameters(Parameters.java:164)
	at org.testng.internal.ConfigInvoker.invokeConfigurations(ConfigInvoker.java:275)
	at org.testng.internal.TestMethodWorker.invokeBeforeClassMethods(TestMethodWorker.java:176)
	at org.testng.internal.TestMethodWorker.run(TestMethodWorker.java:122)
	at java.util.ArrayList.forEach(Unknown Source)
	at org.testng.TestRunner.privateRun(TestRunner.java:770)
	at org.testng.TestRunner.run(TestRunner.java:591)
	at org.testng.SuiteRunner.runTest(SuiteRunner.java:402)
	at org.testng.SuiteRunner.access$000(SuiteRunner.java:41)
	at org.testng.SuiteRunner$SuiteWorker.run(SuiteRunner.java:443)
	at org.testng.internal.thread.ThreadUtil.lambda$execute$0(ThreadUtil.java:67)
	at java.util.concurrent.FutureTask.run(Unknown Source)
	at java.util.concurrent.ThreadPoolExecutor.runWorker(Unknown Source)
	at java.util.concurrent.ThreadPoolExecutor$Worker.run(Unknown Source)
	at java.lang.Thread.run(Unknown Source)
</pre></div></td>
<td>0</td>
<td>com.crm.vtiger.testscripts.Deliveredpurchaseorder@76707e36</td></tr>
<tr>
<td title='com.crm.vtiger.testscripts.Cancelledpurchaseorder.createpurchaseorderwithcancelledstatus()'><b>createpurchaseorderwithcancelledstatus</b><br>Test class: com.crm.vtiger.testscripts.Cancelledpurchaseorder</td>
<td><div><pre>org.testng.TestNGException: 
Parameter &apos;BROWSER&apos; is required by BeforeClass on method configBeforeClassParallel but has not been marked @Optional or defined
in C:\Users\DELL User\eclipse-workspace\My PROJECT\testng_distributed_parallel.xml
	at java.util.ArrayList.forEach(Unknown Source)
	at java.util.concurrent.FutureTask.run(Unknown Source)
	at java.util.concurrent.ThreadPoolExecutor.runWorker(Unknown Source)
	at java.util.concurrent.ThreadPoolExecutor$Worker.run(Unknown Source)
	at java.lang.Thread.run(Unknown Source)
... Removed 13 stack frames</pre></div><a href='#' onClick='toggleBox("stack-trace648024258", this, "Click to show all stack frames", "Click to hide stack frames")'>Click to show all stack frames</a>
<div class='stack-trace' id='stack-trace648024258'><pre>org.testng.TestNGException: 
Parameter &apos;BROWSER&apos; is required by BeforeClass on method configBeforeClassParallel but has not been marked @Optional or defined
in C:\Users\DELL User\eclipse-workspace\My PROJECT\testng_distributed_parallel.xml
	at org.testng.internal.Parameters.createParams(Parameters.java:289)
	at org.testng.internal.Parameters.createParametersForMethod(Parameters.java:377)
	at org.testng.internal.Parameters.createParameters(Parameters.java:721)
	at org.testng.internal.Parameters.createConfigurationParameters(Parameters.java:164)
	at org.testng.internal.ConfigInvoker.invokeConfigurations(ConfigInvoker.java:275)
	at org.testng.internal.TestMethodWorker.invokeBeforeClassMethods(TestMethodWorker.java:176)
	at org.testng.internal.TestMethodWorker.run(TestMethodWorker.java:122)
	at java.util.ArrayList.forEach(Unknown Source)
	at org.testng.TestRunner.privateRun(TestRunner.java:770)
	at org.testng.TestRunner.run(TestRunner.java:591)
	at org.testng.SuiteRunner.runTest(SuiteRunner.java:402)
	at org.testng.SuiteRunner.access$000(SuiteRunner.java:41)
	at org.testng.SuiteRunner$SuiteWorker.run(SuiteRunner.java:443)
	at org.testng.internal.thread.ThreadUtil.lambda$execute$0(ThreadUtil.java:67)
	at java.util.concurrent.FutureTask.run(Unknown Source)
	at java.util.concurrent.ThreadPoolExecutor.runWorker(Unknown Source)
	at java.util.concurrent.ThreadPoolExecutor$Worker.run(Unknown Source)
	at java.lang.Thread.run(Unknown Source)
</pre></div></td>
<td>0</td>
<td>com.crm.vtiger.testscripts.Cancelledpurchaseorder@536aaa8d</td></tr>
<tr>
<td title='com.crm.vtiger.testscripts.Deliveredpurchaseorder.createpurchaseorderwithdeliveredstatus()'><b>createpurchaseorderwithdeliveredstatus</b><br>Test class: com.crm.vtiger.testscripts.Deliveredpurchaseorder</td>
<td><div><pre>org.testng.TestNGException: 
Parameter &apos;BROWSER&apos; is required by BeforeClass on method configBeforeClassParallel but has not been marked @Optional or defined
in C:\Users\DELL User\eclipse-workspace\My PROJECT\testng_distributed_parallel.xml
	at java.util.ArrayList.forEach(Unknown Source)
	at java.util.concurrent.FutureTask.run(Unknown Source)
	at java.util.concurrent.ThreadPoolExecutor.runWorker(Unknown Source)
	at java.util.concurrent.ThreadPoolExecutor$Worker.run(Unknown Source)
	at java.lang.Thread.run(Unknown Source)
... Removed 13 stack frames</pre></div><a href='#' onClick='toggleBox("stack-trace1098868619", this, "Click to show all stack frames", "Click to hide stack frames")'>Click to show all stack frames</a>
<div class='stack-trace' id='stack-trace1098868619'><pre>org.testng.TestNGException: 
Parameter &apos;BROWSER&apos; is required by BeforeClass on method configBeforeClassParallel but has not been marked @Optional or defined
in C:\Users\DELL User\eclipse-workspace\My PROJECT\testng_distributed_parallel.xml
	at org.testng.internal.Parameters.createParams(Parameters.java:289)
	at org.testng.internal.Parameters.createParametersForMethod(Parameters.java:377)
	at org.testng.internal.Parameters.createParameters(Parameters.java:721)
	at org.testng.internal.Parameters.createConfigurationParameters(Parameters.java:164)
	at org.testng.internal.ConfigInvoker.invokeConfigurations(ConfigInvoker.java:275)
	at org.testng.internal.TestMethodWorker.invokeBeforeClassMethods(TestMethodWorker.java:176)
	at org.testng.internal.TestMethodWorker.run(TestMethodWorker.java:122)
	at java.util.ArrayList.forEach(Unknown Source)
	at org.testng.TestRunner.privateRun(TestRunner.java:770)
	at org.testng.TestRunner.run(TestRunner.java:591)
	at org.testng.SuiteRunner.runTest(SuiteRunner.java:402)
	at org.testng.SuiteRunner.access$000(SuiteRunner.java:41)
	at org.testng.SuiteRunner$SuiteWorker.run(SuiteRunner.java:443)
	at org.testng.internal.thread.ThreadUtil.lambda$execute$0(ThreadUtil.java:67)
	at java.util.concurrent.FutureTask.run(Unknown Source)
	at java.util.concurrent.ThreadPoolExecutor.runWorker(Unknown Source)
	at java.util.concurrent.ThreadPoolExecutor$Worker.run(Unknown Source)
	at java.lang.Thread.run(Unknown Source)
</pre></div></td>
<td>0</td>
<td>com.crm.vtiger.testscripts.Deliveredpurchaseorder@76707e36</td></tr>
</table><p>
</body>
</html>